[debug] [2025-05-18T18:47:52.950Z] ----------------------------------------------------------------------
[debug] [2025-05-18T18:47:52.956Z] Command:       C:\Program Files\nodejs\node.exe C:\Users\osqel\AppData\Roaming\npm\node_modules\firebase-tools\lib\bin\firebase.js deploy --only functions
[debug] [2025-05-18T18:47:52.957Z] CLI Version:   14.4.0
[debug] [2025-05-18T18:47:52.957Z] Platform:      win32
[debug] [2025-05-18T18:47:52.957Z] Node Version:  v22.13.0
[debug] [2025-05-18T18:47:52.958Z] Time:          Sun May 18 2025 22:47:52 GMT+0400 (Georgia Standard Time)
[debug] [2025-05-18T18:47:52.958Z] ----------------------------------------------------------------------
[debug] 
[error] 
[error] Error: Not in a Firebase app directory (could not locate firebase.json)
[debug] [2025-05-18T18:47:53.682Z] Error: EBUSY: resource busy or locked, unlink 'C:\Users\osqel\OneDrive\Desktop\New folder (4)\firebase-debug.log'
    at Object.unlinkSync (node:fs:1953:11)
    at process.<anonymous> (C:\Users\osqel\AppData\Roaming\npm\node_modules\firebase-tools\lib\bin\cli.js:44:16)
    at process.emit (node:events:536:35)
    at process.exit (node:internal/process/per_thread:182:15)
    at Timeout._onTimeout (C:\Users\osqel\AppData\Roaming\npm\node_modules\firebase-tools\lib\errorOut.js:20:17)
    at listOnTimeout (node:internal/timers:594:17)
    at process.processTimers (node:internal/timers:529:7)
[error] 
[error] Error: An unexpected error has occurred.
